<?xml version="1.0" encoding="UTF-8"?>
<testng-results skipped="0" failed="0" ignored="0" total="1" passed="1">
  <reporter-output>
  </reporter-output>
  <suite name="Default suite" duration-ms="37834" started-at="2017-12-22T12:15:32Z" finished-at="2017-12-22T12:16:10Z">
    <groups>
    </groups>
    <test name="Default test" duration-ms="37834" started-at="2017-12-22T12:15:32Z" finished-at="2017-12-22T12:16:10Z">
      <class name="testcase.Test1">
        <test-method status="PASS" signature="start()[pri:0, instance:testcase.Test1@29774679]" name="start" is-config="true" duration-ms="13457" started-at="2017-12-22T17:45:32Z" finished-at="2017-12-22T17:45:45Z">
          <reporter-output>
          </reporter-output>
        </test-method> <!-- start -->
        <test-method status="PASS" signature="ts1()[pri:0, instance:testcase.Test1@29774679]" name="ts1" duration-ms="23959" started-at="2017-12-22T17:45:45Z" finished-at="2017-12-22T17:46:09Z">
          <reporter-output>
          </reporter-output>
        </test-method> <!-- ts1 -->
        <test-method status="PASS" signature="close()[pri:0, instance:testcase.Test1@29774679]" name="close" is-config="true" duration-ms="392" started-at="2017-12-22T17:46:09Z" finished-at="2017-12-22T17:46:10Z">
          <reporter-output>
          </reporter-output>
        </test-method> <!-- close -->
      </class> <!-- testcase.Test1 -->
    </test> <!-- Default test -->
  </suite> <!-- Default suite -->
</testng-results>
