<?xml version="1.0" encoding="UTF-8"?>
<testsuite hostname="DESKTOP-KUU4P7E" name="vyasakaWebsite.VwebSite" tests="5" failures="0" timestamp="10 Nov 2017 01:54:37 GMT" time="506.848" errors="0">
  <testcase name="f" time="432.268" classname="vyasakaWebsite.VwebSite"/>
  <testcase name="f" time="12.772" classname="vyasakaWebsite.VwebSite"/>
  <testcase name="f" time="10.981" classname="vyasakaWebsite.VwebSite"/>
  <testcase name="f" time="23.853" classname="vyasakaWebsite.VwebSite"/>
  <testcase name="f" time="13.251" classname="vyasakaWebsite.VwebSite"/>
</testsuite>
