<?xml version="1.0" encoding="UTF-8"?>
<testng-results skipped="0" failed="0" ignored="0" total="1" passed="1">
  <reporter-output>
  </reporter-output>
  <suite name="Default suite" duration-ms="18599" started-at="2017-12-25T09:13:28Z" finished-at="2017-12-25T09:13:47Z">
    <groups>
    </groups>
    <test name="Default test" duration-ms="18599" started-at="2017-12-25T09:13:28Z" finished-at="2017-12-25T09:13:47Z">
      <class name="demotutorials.HandleAlert">
        <test-method status="PASS" signature="setUp()[pri:0, instance:demotutorials.HandleAlert@2038ae61]" name="setUp" is-config="true" duration-ms="8986" started-at="2017-12-25T14:43:28Z" finished-at="2017-12-25T14:43:37Z">
          <reporter-output>
          </reporter-output>
        </test-method> <!-- setUp -->
        <test-method status="PASS" signature="okOnAlert()[pri:0, instance:demotutorials.HandleAlert@2038ae61]" name="okOnAlert" duration-ms="8969" started-at="2017-12-25T14:43:37Z" finished-at="2017-12-25T14:43:46Z">
          <reporter-output>
          </reporter-output>
        </test-method> <!-- okOnAlert -->
        <test-method status="PASS" signature="End()[pri:0, instance:demotutorials.HandleAlert@2038ae61]" name="End" is-config="true" duration-ms="596" started-at="2017-12-25T14:43:46Z" finished-at="2017-12-25T14:43:47Z">
          <reporter-output>
          </reporter-output>
        </test-method> <!-- End -->
      </class> <!-- demotutorials.HandleAlert -->
    </test> <!-- Default test -->
  </suite> <!-- Default suite -->
</testng-results>
